<?xml version="1.0" encoding="UTF-8"?>
<testsuite xmlns:xsi="http://www.w3.org/2001/XMLSchema-instance" xsi:noNamespaceSchemaLocation="https://maven.apache.org/surefire/maven-surefire-plugin/xsd/surefire-test-report.xsd" name="com.example.springbootrestapi.controller.CourseControllerTests" time="4.932" tests="6" errors="0" skipped="0" failures="0">
  <properties>
[...]
</properties>
  <testcase name="shouldReturnMessageThatCourseWasDeletedAndStatusOk" classname="com.example.springbootrestapi.controller.CourseControllerTests" time="0.122"/>
  <testcase name="shouldReturnJSONWithListCourseDtoAndOkStatus" classname="com.example.springbootrestapi.controller.CourseControllerTests" time="0.115"/>
  <testcase name="shouldReturnMessageThatCourseWasUpdatedAndStatusOk" classname="com.example.springbootrestapi.controller.CourseControllerTests" time="0.037"/>
  <testcase name="shouldReturnJSONWithStudentWithoutCoursesAndStatusOk" classname="com.example.springbootrestapi.controller.CourseControllerTests" time="0.006"/>
  <testcase name="shouldReturnStatusCreated" classname="com.example.springbootrestapi.controller.CourseControllerTests" time="0.01"/>
  <testcase name="shouldReturnJSONWithStudentWithCoursesEnrolledAndStatusOk" classname="com.example.springbootrestapi.controller.CourseControllerTests" time="0.011"/>
</testsuite>